<?xml version="1.0" encoding="UTF-8"?>
<!-- Generated by org.testng.reporters.JUnitXMLReporter -->
<testsuite hostname="DESKTOP-0JETNLU" ignored="0" name="Tutorialsninjatestcases" tests="12" failures="11" timestamp="2023-04-13T18:40:07 CDT" time="112.94" errors="0">
  <testcase name="verifyLoginWithInvalidcredentials" time="0.993" classname="com.tutorialsninja.framwork.tutorialsninjahybridframwork.Login">
    <failure type="java.lang.IllegalArgumentException" message="Keys to send should be a not null CharSequence">
      <![CDATA[java.lang.IllegalArgumentException: Keys to send should be a not null CharSequence
at org.openqa.selenium.remote.RemoteWebElement.sendKeys(RemoteWebElement.java:98)
at com.tutorialsninja.framwork.tutorialsninjahybridframwork.Login.verifyLoginWithInvalidcredentials(Login.java:52)
at java.util.ArrayList.forEach(ArrayList.java:1257)
... Removed 27 stack frames]]>
    </failure>
  </testcase> <!-- verifyLoginWithInvalidcredentials -->
  <testcase name="verifyLoginWithValidcredentials" time="1.833" classname="com.tutorialsninja.framwork.tutorialsninjahybridframwork.Login"/>
  <testcase name="verifyLoginwithinvalidemailandvalidpassword" time="1.74" classname="com.tutorialsninja.framwork.tutorialsninjahybridframwork.Login">
    <failure type="java.lang.AssertionError" message="expected warning message is displayed expected [true] but found [false]">
      <![CDATA[java.lang.AssertionError: expected warning message is displayed expected [true] but found [false]
at com.tutorialsninja.framwork.tutorialsninjahybridframwork.Login.verifyLoginwithinvalidemailandvalidpassword(Login.java:71)
at java.util.ArrayList.forEach(ArrayList.java:1257)
... Removed 30 stack frames]]>
    </failure>
  </testcase> <!-- verifyLoginwithinvalidemailandvalidpassword -->
  <testcase name="verifyLoginwithvalidemailandinvalidpassword" time="0.52" classname="com.tutorialsninja.framwork.tutorialsninjahybridframwork.Login">
    <failure type="java.lang.IllegalArgumentException" message="Keys to send should be a not null CharSequence">
      <![CDATA[java.lang.IllegalArgumentException: Keys to send should be a not null CharSequence
at org.openqa.selenium.remote.RemoteWebElement.sendKeys(RemoteWebElement.java:98)
at com.tutorialsninja.framwork.tutorialsninjahybridframwork.Login.verifyLoginwithvalidemailandinvalidpassword(Login.java:80)
at java.util.ArrayList.forEach(ArrayList.java:1257)
... Removed 27 stack frames]]>
    </failure>
  </testcase> <!-- verifyLoginwithvalidemailandinvalidpassword -->
  <testcase name="verifyloginwithoutprividingcredentials" time="0.605" classname="com.tutorialsninja.framwork.tutorialsninjahybridframwork.Login">
    <failure type="java.lang.NullPointerException">
      <![CDATA[java.lang.NullPointerException
at java.lang.String.contains(String.java:2133)
at com.tutorialsninja.framwork.tutorialsninjahybridframwork.Login.verifyloginwithoutprividingcredentials(Login.java:93)
at java.util.ArrayList.forEach(ArrayList.java:1257)
... Removed 27 stack frames]]>
    </failure>
  </testcase> <!-- verifyloginwithoutprividingcredentials -->
  <testcase name="verifyRegisteringAnAccountwithmandatoryfields" time="0.03" classname="com.tutorialsninja.framwork.tutorialsninjahybridframwork.Register">
    <failure type="java.lang.IllegalArgumentException" message="Keys to send should be a not null CharSequence">
      <![CDATA[java.lang.IllegalArgumentException: Keys to send should be a not null CharSequence
at org.openqa.selenium.remote.RemoteWebElement.sendKeys(RemoteWebElement.java:98)
at com.tutorialsninja.framwork.tutorialsninjahybridframwork.Register.verifyRegisteringAnAccountwithmandatoryfields(Register.java:31)
at java.util.ArrayList.forEach(ArrayList.java:1257)
... Removed 27 stack frames]]>
    </failure>
  </testcase> <!-- verifyRegisteringAnAccountwithmandatoryfields -->
  <testcase name="verifyRegisteringAccountbyprovidingallfields" time="0.024" classname="com.tutorialsninja.framwork.tutorialsninjahybridframwork.Register">
    <failure type="java.lang.IllegalArgumentException" message="Keys to send should be a not null CharSequence">
      <![CDATA[java.lang.IllegalArgumentException: Keys to send should be a not null CharSequence
at org.openqa.selenium.remote.RemoteWebElement.sendKeys(RemoteWebElement.java:98)
at com.tutorialsninja.framwork.tutorialsninjahybridframwork.Register.verifyRegisteringAccountbyprovidingallfields(Register.java:51)
at java.util.ArrayList.forEach(ArrayList.java:1257)
... Removed 27 stack frames]]>
    </failure>
  </testcase> <!-- verifyRegisteringAccountbyprovidingallfields -->
  <testcase name="verifyRegistringaccountwithexistingemailadress" time="0.026" classname="com.tutorialsninja.framwork.tutorialsninjahybridframwork.Register">
    <failure type="java.lang.IllegalArgumentException" message="Keys to send should be a not null CharSequence">
      <![CDATA[java.lang.IllegalArgumentException: Keys to send should be a not null CharSequence
at org.openqa.selenium.remote.RemoteWebElement.sendKeys(RemoteWebElement.java:98)
at com.tutorialsninja.framwork.tutorialsninjahybridframwork.Register.verifyRegistringaccountwithexistingemailadress(Register.java:73)
at java.util.ArrayList.forEach(ArrayList.java:1257)
... Removed 27 stack frames]]>
    </failure>
  </testcase> <!-- verifyRegistringaccountwithexistingemailadress -->
  <testcase name="verifyRegisteringAccountwithoutfillinganydetails" time="0.621" classname="com.tutorialsninja.framwork.tutorialsninjahybridframwork.Register">
    <failure type="java.lang.NullPointerException">
      <![CDATA[java.lang.NullPointerException
at java.lang.String.contains(String.java:2133)
at com.tutorialsninja.framwork.tutorialsninjahybridframwork.Register.verifyRegisteringAccountwithoutfillinganydetails(Register.java:96)
at java.util.ArrayList.forEach(ArrayList.java:1257)
... Removed 27 stack frames]]>
    </failure>
  </testcase> <!-- verifyRegisteringAccountwithoutfillinganydetails -->
  <testcase name="verifysearchwithvalidproduct" time="0.026" classname="com.tutorialsninja.framwork.tutorialsninjahybridframwork.Search">
    <failure type="java.lang.IllegalArgumentException" message="Keys to send should be a not null CharSequence">
      <![CDATA[java.lang.IllegalArgumentException: Keys to send should be a not null CharSequence
at org.openqa.selenium.remote.RemoteWebElement.sendKeys(RemoteWebElement.java:98)
at com.tutorialsninja.framwork.tutorialsninjahybridframwork.Search.verifysearchwithvalidproduct(Search.java:30)
at java.util.ArrayList.forEach(ArrayList.java:1257)
... Removed 27 stack frames]]>
    </failure>
  </testcase> <!-- verifysearchwithvalidproduct -->
  <testcase name="verifysearchwithinvalidproduct" time="0.025" classname="com.tutorialsninja.framwork.tutorialsninjahybridframwork.Search">
    <failure type="java.lang.IllegalArgumentException" message="Keys to send should be a not null CharSequence">
      <![CDATA[java.lang.IllegalArgumentException: Keys to send should be a not null CharSequence
at org.openqa.selenium.remote.RemoteWebElement.sendKeys(RemoteWebElement.java:98)
at com.tutorialsninja.framwork.tutorialsninjahybridframwork.Search.verifysearchwithinvalidproduct(Search.java:41)
at java.util.ArrayList.forEach(ArrayList.java:1257)
... Removed 27 stack frames]]>
    </failure>
  </testcase> <!-- verifysearchwithinvalidproduct -->
  <testcase name="verifysearchwithoutanyproduct" time="0.795" classname="com.tutorialsninja.framwork.tutorialsninjahybridframwork.Search">
    <failure type="java.lang.AssertionError" message="no product Message in search result is not displayed expected [null] but found [There is no product that matches the search criteria.]">
      <![CDATA[java.lang.AssertionError: no product Message in search result is not displayed expected [null] but found [There is no product that matches the search criteria.]
at com.tutorialsninja.framwork.tutorialsninjahybridframwork.Search.verifysearchwithoutanyproduct(Search.java:60)
at java.util.ArrayList.forEach(ArrayList.java:1257)
... Removed 32 stack frames]]>
    </failure>
  </testcase> <!-- verifysearchwithoutanyproduct -->
</testsuite> <!-- Tutorialsninjatestcases -->
